{"C:\\Users\\Poly\\poly\\Devops\\Ecologea\\public\\js\\AddBlogs.js": {"path":"C:\\Users\\Poly\\poly\\Devops\\Ecologea\\public\\js\\AddBlogs.js","statementMap":{"0":{"start":{"line":2,"column":19},"end":{"line":2,"column":21}},"1":{"start":{"line":3,"column":19},"end":{"line":3,"column":31}},"2":{"start":{"line":4,"column":4},"end":{"line":4,"column":60}},"3":{"start":{"line":5,"column":4},"end":{"line":5,"column":58}},"4":{"start":{"line":6,"column":4},"end":{"line":6,"column":27}},"5":{"start":{"line":8,"column":4},"end":{"line":12,"column":5}},"6":{"start":{"line":9,"column":8},"end":{"line":9,"column":82}},"7":{"start":{"line":10,"column":8},"end":{"line":10,"column":80}},"8":{"start":{"line":11,"column":8},"end":{"line":11,"column":15}},"9":{"start":{"line":13,"column":4},"end":{"line":17,"column":5}},"10":{"start":{"line":14,"column":8},"end":{"line":14,"column":97}},"11":{"start":{"line":15,"column":8},"end":{"line":15,"column":80}},"12":{"start":{"line":16,"column":8},"end":{"line":16,"column":15}},"13":{"start":{"line":18,"column":4},"end":{"line":22,"column":5}},"14":{"start":{"line":19,"column":8},"end":{"line":19,"column":104}},"15":{"start":{"line":20,"column":8},"end":{"line":20,"column":80}},"16":{"start":{"line":21,"column":8},"end":{"line":21,"column":15}},"17":{"start":{"line":23,"column":18},"end":{"line":23,"column":38}},"18":{"start":{"line":24,"column":4},"end":{"line":24,"column":44}},"19":{"start":{"line":25,"column":4},"end":{"line":25,"column":65}},"20":{"start":{"line":26,"column":4},"end":{"line":39,"column":6}},"21":{"start":{"line":27,"column":8},"end":{"line":27,"column":52}},"22":{"start":{"line":28,"column":8},"end":{"line":28,"column":29}},"23":{"start":{"line":29,"column":8},"end":{"line":38,"column":9}},"24":{"start":{"line":30,"column":12},"end":{"line":30,"column":51}},"25":{"start":{"line":31,"column":12},"end":{"line":31,"column":56}},"26":{"start":{"line":32,"column":12},"end":{"line":32,"column":55}},"27":{"start":{"line":33,"column":12},"end":{"line":33,"column":48}},"28":{"start":{"line":36,"column":12},"end":{"line":36,"column":85}},"29":{"start":{"line":36,"column":86},"end":{"line":36,"column":158}},"30":{"start":{"line":37,"column":12},"end":{"line":37,"column":84}},"31":{"start":{"line":40,"column":4},"end":{"line":40,"column":43}},"32":{"start":{"line":43,"column":12},"end":{"line":43,"column":22}},"33":{"start":{"line":44,"column":16},"end":{"line":44,"column":62}},"34":{"start":{"line":45,"column":14},"end":{"line":45,"column":53}},"35":{"start":{"line":46,"column":15},"end":{"line":46,"column":30}},"36":{"start":{"line":47,"column":4},"end":{"line":47,"column":37}}},"fnMap":{"0":{"name":"addPost","decl":{"start":{"line":1,"column":9},"end":{"line":1,"column":16}},"loc":{"start":{"line":1,"column":19},"end":{"line":41,"column":1}},"line":1},"1":{"name":"(anonymous_1)","decl":{"start":{"line":26,"column":21},"end":{"line":26,"column":22}},"loc":{"start":{"line":26,"column":33},"end":{"line":39,"column":5}},"line":26},"2":{"name":"date","decl":{"start":{"line":42,"column":9},"end":{"line":42,"column":13}},"loc":{"start":{"line":42,"column":16},"end":{"line":48,"column":1}},"line":42}},"branchMap":{"0":{"loc":{"start":{"line":8,"column":4},"end":{"line":12,"column":5}},"type":"if","locations":[{"start":{"line":8,"column":4},"end":{"line":12,"column":5}},{"start":{},"end":{}}],"line":8},"1":{"loc":{"start":{"line":8,"column":8},"end":{"line":8,"column":86}},"type":"binary-expr","locations":[{"start":{"line":8,"column":8},"end":{"line":8,"column":45}},{"start":{"line":8,"column":49},"end":{"line":8,"column":86}}],"line":8},"2":{"loc":{"start":{"line":13,"column":4},"end":{"line":17,"column":5}},"type":"if","locations":[{"start":{"line":13,"column":4},"end":{"line":17,"column":5}},{"start":{},"end":{}}],"line":13},"3":{"loc":{"start":{"line":18,"column":4},"end":{"line":22,"column":5}},"type":"if","locations":[{"start":{"line":18,"column":4},"end":{"line":22,"column":5}},{"start":{},"end":{}}],"line":18},"4":{"loc":{"start":{"line":29,"column":8},"end":{"line":38,"column":9}},"type":"if","locations":[{"start":{"line":29,"column":8},"end":{"line":38,"column":9}},{"start":{"line":35,"column":13},"end":{"line":38,"column":9}}],"line":29}},"s":{"0":0,"1":0,"2":0,"3":0,"4":0,"5":0,"6":0,"7":0,"8":0,"9":0,"10":0,"11":0,"12":0,"13":0,"14":0,"15":0,"16":0,"17":0,"18":0,"19":0,"20":0,"21":0,"22":0,"23":0,"24":0,"25":0,"26":0,"27":0,"28":0,"29":0,"30":0,"31":0,"32":0,"33":0,"34":0,"35":0,"36":0},"f":{"0":0,"1":0,"2":0},"b":{"0":[0,0],"1":[0,0],"2":[0,0],"3":[0,0],"4":[0,0]},"_coverageSchema":"1a1c01bbd47fc00a2c39e90264f33305004495a9","hash":"1bcdbb56ba6b9ec02ef5521b467f475ae9c2b4e3"}
,"C:\\Users\\Poly\\poly\\Devops\\Ecologea\\public\\js\\ReadBlog.js": {"path":"C:\\Users\\Poly\\poly\\Devops\\Ecologea\\public\\js\\ReadBlog.js","statementMap":{"0":{"start":{"line":2,"column":19},"end":{"line":2,"column":21}},"1":{"start":{"line":3,"column":18},"end":{"line":3,"column":38}},"2":{"start":{"line":4,"column":4},"end":{"line":4,"column":60}},"3":{"start":{"line":5,"column":4},"end":{"line":5,"column":65}},"4":{"start":{"line":6,"column":4},"end":{"line":22,"column":6}},"5":{"start":{"line":7,"column":8},"end":{"line":7,"column":52}},"6":{"start":{"line":8,"column":19},"end":{"line":8,"column":21}},"7":{"start":{"line":9,"column":8},"end":{"line":19,"column":9}},"8":{"start":{"line":9,"column":21},"end":{"line":9,"column":22}},"9":{"start":{"line":10,"column":12},"end":{"line":18,"column":22}},"10":{"start":{"line":20,"column":8},"end":{"line":21,"column":106}},"11":{"start":{"line":23,"column":4},"end":{"line":23,"column":19}},"12":{"start":{"line":26,"column":24},"end":{"line":26,"column":68}},"13":{"start":{"line":27,"column":4},"end":{"line":30,"column":5}},"14":{"start":{"line":28,"column":8},"end":{"line":28,"column":46}},"15":{"start":{"line":29,"column":8},"end":{"line":29,"column":15}},"16":{"start":{"line":31,"column":25},"end":{"line":31,"column":35}},"17":{"start":{"line":32,"column":26},"end":{"line":32,"column":47}},"18":{"start":{"line":33,"column":4},"end":{"line":33,"column":30}},"19":{"start":{"line":34,"column":4},"end":{"line":34,"column":61}},"20":{"start":{"line":35,"column":4},"end":{"line":38,"column":5}},"21":{"start":{"line":36,"column":8},"end":{"line":36,"column":53}},"22":{"start":{"line":37,"column":8},"end":{"line":37,"column":15}},"23":{"start":{"line":39,"column":4},"end":{"line":42,"column":5}},"24":{"start":{"line":40,"column":8},"end":{"line":40,"column":60}},"25":{"start":{"line":41,"column":8},"end":{"line":41,"column":15}},"26":{"start":{"line":44,"column":4},"end":{"line":44,"column":35}},"27":{"start":{"line":48,"column":4},"end":{"line":48,"column":54}},"28":{"start":{"line":49,"column":4},"end":{"line":49,"column":33}}},"fnMap":{"0":{"name":"viewBlogsFiltered","decl":{"start":{"line":1,"column":9},"end":{"line":1,"column":26}},"loc":{"start":{"line":1,"column":40},"end":{"line":24,"column":1}},"line":1},"1":{"name":"(anonymous_1)","decl":{"start":{"line":6,"column":21},"end":{"line":6,"column":22}},"loc":{"start":{"line":6,"column":33},"end":{"line":22,"column":5}},"line":6},"2":{"name":"filter","decl":{"start":{"line":25,"column":9},"end":{"line":25,"column":15}},"loc":{"start":{"line":25,"column":18},"end":{"line":45,"column":1}},"line":25},"3":{"name":"clear_filter","decl":{"start":{"line":47,"column":9},"end":{"line":47,"column":21}},"loc":{"start":{"line":47,"column":24},"end":{"line":50,"column":1}},"line":47}},"branchMap":{"0":{"loc":{"start":{"line":21,"column":12},"end":{"line":21,"column":105}},"type":"cond-expr","locations":[{"start":{"line":21,"column":25},"end":{"line":21,"column":98}},{"start":{"line":21,"column":101},"end":{"line":21,"column":105}}],"line":21},"1":{"loc":{"start":{"line":27,"column":4},"end":{"line":30,"column":5}},"type":"if","locations":[{"start":{"line":27,"column":4},"end":{"line":30,"column":5}},{"start":{},"end":{}}],"line":27},"2":{"loc":{"start":{"line":35,"column":4},"end":{"line":38,"column":5}},"type":"if","locations":[{"start":{"line":35,"column":4},"end":{"line":38,"column":5}},{"start":{},"end":{}}],"line":35},"3":{"loc":{"start":{"line":39,"column":4},"end":{"line":42,"column":5}},"type":"if","locations":[{"start":{"line":39,"column":4},"end":{"line":42,"column":5}},{"start":{},"end":{}}],"line":39}},"s":{"0":13,"1":13,"2":13,"3":13,"4":13,"5":13,"6":13,"7":13,"8":13,"9":80,"10":13,"11":13,"12":6,"13":6,"14":1,"15":1,"16":5,"17":5,"18":5,"19":5,"20":5,"21":1,"22":1,"23":4,"24":1,"25":1,"26":3,"27":1,"28":1},"f":{"0":13,"1":13,"2":6,"3":1},"b":{"0":[1,12],"1":[1,5],"2":[1,4],"3":[1,3]},"_coverageSchema":"1a1c01bbd47fc00a2c39e90264f33305004495a9","hash":"909016347ab49924ffd553bfd610d608224bd70b"}
}
