{"total": {"lines":{"total":64,"covered":28,"skipped":0,"pct":43.75},"statements":{"total":66,"covered":29,"skipped":0,"pct":43.93},"functions":{"total":7,"covered":4,"skipped":0,"pct":57.14},"branches":{"total":18,"covered":8,"skipped":0,"pct":44.44},"branchesTrue":{"total":0,"covered":0,"skipped":0,"pct":"Unknown"}}
,"C:\\Users\\Poly\\poly\\Devops\\Ecologea\\public\\js\\AddBlogs.js": {"lines":{"total":36,"covered":0,"skipped":0,"pct":0},"functions":{"total":3,"covered":0,"skipped":0,"pct":0},"statements":{"total":37,"covered":0,"skipped":0,"pct":0},"branches":{"total":10,"covered":0,"skipped":0,"pct":0}}
,"C:\\Users\\Poly\\poly\\Devops\\Ecologea\\public\\js\\ReadBlog.js": {"lines":{"total":28,"covered":28,"skipped":0,"pct":100},"functions":{"total":4,"covered":4,"skipped":0,"pct":100},"statements":{"total":29,"covered":29,"skipped":0,"pct":100},"branches":{"total":8,"covered":8,"skipped":0,"pct":100}}
}
