TN:
SF:public\js\AddBlogs.js
FN:1,addPost
FN:26,(anonymous_1)
FN:42,date
FNF:3
FNH:0
FNDA:0,addPost
FNDA:0,(anonymous_1)
FNDA:0,date
DA:2,0
DA:3,0
DA:4,0
DA:5,0
DA:6,0
DA:8,0
DA:9,0
DA:10,0
DA:11,0
DA:13,0
DA:14,0
DA:15,0
DA:16,0
DA:18,0
DA:19,0
DA:20,0
DA:21,0
DA:23,0
DA:24,0
DA:25,0
DA:26,0
DA:27,0
DA:28,0
DA:29,0
DA:30,0
DA:31,0
DA:32,0
DA:33,0
DA:36,0
DA:37,0
DA:40,0
DA:43,0
DA:44,0
DA:45,0
DA:46,0
DA:47,0
LF:36
LH:0
BRDA:8,0,0,0
BRDA:8,0,1,0
BRDA:8,1,0,0
BRDA:8,1,1,0
BRDA:13,2,0,0
BRDA:13,2,1,0
BRDA:18,3,0,0
BRDA:18,3,1,0
BRDA:29,4,0,0
BRDA:29,4,1,0
BRF:10
BRH:0
end_of_record
TN:
SF:public\js\ReadBlog.js
FN:1,viewBlogsFiltered
FN:6,(anonymous_1)
FN:25,filter
FN:47,clear_filter
FNF:4
FNH:4
FNDA:13,viewBlogsFiltered
FNDA:13,(anonymous_1)
FNDA:6,filter
FNDA:1,clear_filter
DA:2,13
DA:3,13
DA:4,13
DA:5,13
DA:6,13
DA:7,13
DA:8,13
DA:9,13
DA:10,80
DA:20,13
DA:23,13
DA:26,6
DA:27,6
DA:28,1
DA:29,1
DA:31,5
DA:32,5
DA:33,5
DA:34,5
DA:35,5
DA:36,1
DA:37,1
DA:39,4
DA:40,1
DA:41,1
DA:44,3
DA:48,1
DA:49,1
LF:28
LH:28
BRDA:21,0,0,1
BRDA:21,0,1,12
BRDA:27,1,0,1
BRDA:27,1,1,5
BRDA:35,2,0,1
BRDA:35,2,1,4
BRDA:39,3,0,1
BRDA:39,3,1,3
BRF:8
BRH:8
end_of_record
